{
  "RSpec": {
    "coverage": {
      "/Users/gbennettjones/code/tech_tests/citizens/config/environment.rb": [
        null,
        1,
        null,
        null,
        1
      ],
      "/Users/gbennettjones/code/tech_tests/citizens/config/application.rb": [
        1,
        null,
        1,
        null,
        1,
        1,
        1,
        1,
        1,
        1,
        1,
        1,
        null,
        null,
        null,
        null,
        null,
        1,
        null,
        1,
        1,
        null,
        1,
        null,
        null,
        null,
        null,
        null,
        null,
        null,
        null,
        null,
        1,
        null,
        null
      ],
      "/Users/gbennettjones/code/tech_tests/citizens/config/boot.rb": [
        1,
        null,
        1,
        1
      ],
      "/Users/gbennettjones/code/tech_tests/citizens/config/spring.rb": [
        null,
        1,
        null,
        null,
        null,
        4
      ],
      "/Users/gbennettjones/code/tech_tests/citizens/config/environments/test.rb": [
        1,
        null,
        null,
        null,
        null,
        null,
        null,
        1,
        null,
        null,
        null,
        null,
        1,
        null,
        null,
        1,
        1,
        null,
        null,
        null,
        null,
        1,
        1,
        null,
        null,
        1,
        null,
        null,
        1,
        null,
        null,
        1,
        null,
        1,
        null,
        null,
        null,
        null,
        1,
        null,
        null,
        1,
        null,
        null,
        null,
        null
      ],
      "/Users/gbennettjones/code/tech_tests/citizens/config/initializers/application_controller_renderer.rb": [
        null,
        null,
        null,
        null,
        null,
        null,
        null,
        null
      ],
      "/Users/gbennettjones/code/tech_tests/citizens/config/initializers/backtrace_silencers.rb": [
        null,
        null,
        null,
        null,
        null,
        null,
        null
      ],
      "/Users/gbennettjones/code/tech_tests/citizens/config/initializers/cors.rb": [
        null,
        null,
        null,
        null,
        null,
        null,
        null,
        1,
        1,
        1,
        null,
        1,
        null,
        null,
        null,
        null
      ],
      "/Users/gbennettjones/code/tech_tests/citizens/config/initializers/filter_parameter_logging.rb": [
        null,
        null,
        null,
        1
      ],
      "/Users/gbennettjones/code/tech_tests/citizens/config/initializers/inflections.rb": [
        null,
        null,
        null,
        null,
        null,
        null,
        null,
        null,
        null,
        null,
        null,
        null,
        null,
        null,
        null,
        null
      ],
      "/Users/gbennettjones/code/tech_tests/citizens/config/initializers/mime_types.rb": [
        null,
        null,
        null,
        null
      ],
      "/Users/gbennettjones/code/tech_tests/citizens/config/initializers/wrap_parameters.rb": [
        null,
        null,
        null,
        null,
        null,
        null,
        1,
        2,
        null,
        null,
        null,
        null,
        null,
        null
      ],
      "/Users/gbennettjones/code/tech_tests/citizens/config/routes.rb": [
        1,
        1,
        1,
        1,
        1,
        null,
        1,
        1,
        null,
        1,
        null,
        null,
        null
      ],
      "/Users/gbennettjones/code/tech_tests/citizens/spec/support/request_helper.rb": [
        1,
        1,
        1,
        16,
        null,
        null,
        null,
        1,
        1,
        15,
        15,
        null,
        null,
        null
      ],
      "/Users/gbennettjones/code/tech_tests/citizens/spec/controllers/api/v1/auth_controller_spec.rb": [
        1,
        null,
        1,
        1,
        1,
        1,
        null,
        null,
        null,
        null,
        null,
        null,
        1,
        1,
        null,
        null,
        null,
        null,
        null,
        null,
        1,
        1,
        1,
        null,
        1,
        1,
        null,
        null,
        1,
        1,
        null,
        1,
        1,
        null,
        null,
        1,
        1,
        null,
        1,
        1,
        null,
        null,
        null
      ],
      "/Users/gbennettjones/code/tech_tests/citizens/app/controllers/api/v1/auth_controller.rb": [
        1,
        1,
        null,
        1,
        3,
        3,
        1,
        null,
        1,
        null,
        2,
        null,
        null,
        null,
        1,
        null,
        1,
        4,
        null,
        null
      ],
      "/Users/gbennettjones/code/tech_tests/citizens/app/controllers/application_controller.rb": [
        1,
        1,
        null,
        1,
        17,
        17,
        17,
        null,
        null,
        1,
        78,
        null,
        null,
        1,
        39,
        null,
        null,
        39,
        null,
        39,
        1,
        1,
        null,
        null,
        null,
        1,
        20,
        null,
        19,
        19,
        null,
        null,
        1,
        13,
        null,
        null,
        1,
        7,
        null,
        null,
        1,
        13,
        null,
        null
      ],
      "/Users/gbennettjones/code/tech_tests/citizens/spec/controllers/api/v1/groups_controller_spec.rb": [
        1,
        null,
        1,
        1,
        1,
        null,
        null,
        9,
        3,
        null,
        1,
        8,
        null,
        null,
        1,
        1,
        1,
        null,
        1,
        1,
        null,
        null,
        1,
        1,
        1,
        1,
        null,
        null,
        null,
        1,
        1,
        1,
        1,
        1,
        null,
        null,
        1,
        1,
        1,
        null,
        1,
        1,
        null,
        null,
        null,
        1,
        3,
        1,
        1,
        1,
        1,
        null,
        null,
        1,
        1,
        null,
        1,
        1,
        1,
        null,
        null,
        1,
        1,
        1,
        1,
        null,
        null,
        1,
        1,
        1,
        1,
        null,
        1,
        1,
        1,
        null,
        null,
        null
      ],
      "/Users/gbennettjones/code/tech_tests/citizens/app/controllers/api/v1/groups_controller.rb": [
        1,
        1,
        null,
        1,
        2,
        2,
        1,
        null,
        1,
        null,
        null,
        null,
        1,
        3,
        3,
        null,
        2,
        2,
        2,
        null,
        1,
        null,
        null,
        null,
        1,
        7,
        null,
        null,
        1,
        4,
        null,
        null
      ],
      "/Users/gbennettjones/code/tech_tests/citizens/spec/controllers/api/v1/users_controller_spec.rb": [
        1,
        null,
        1,
        1,
        1,
        null,
        1,
        null,
        null,
        null,
        null,
        null,
        null,
        1,
        1,
        1,
        1,
        null,
        null,
        1,
        1,
        1,
        1,
        null,
        null,
        null,
        1,
        6,
        null,
        1,
        5,
        null,
        null,
        1,
        1,
        1,
        1,
        null,
        null,
        1,
        1,
        1,
        1,
        null,
        null,
        1,
        1,
        1,
        1,
        null,
        null,
        1,
        1,
        1,
        1,
        null,
        null,
        1,
        1,
        1,
        1,
        null,
        null,
        null,
        1,
        5,
        5,
        5,
        null,
        null
      ],
      "/Users/gbennettjones/code/tech_tests/citizens/app/controllers/api/v1/users_controller.rb": [
        1,
        1,
        null,
        1,
        5,
        5,
        5,
        5,
        null,
        5,
        2,
        null,
        3,
        null,
        null,
        null,
        1,
        2,
        2,
        1,
        1,
        null,
        1,
        null,
        null,
        null,
        1,
        null,
        1,
        12,
        null,
        null
      ],
      "/Users/gbennettjones/code/tech_tests/citizens/spec/models/group_spec.rb": [
        1,
        null,
        1,
        1,
        1,
        1,
        1,
        1,
        null,
        1,
        null,
        null,
        null
      ],
      "/Users/gbennettjones/code/tech_tests/citizens/app/models/group.rb": [
        1,
        1,
        1,
        1,
        null
      ],
      "/Users/gbennettjones/code/tech_tests/citizens/app/models/application_record.rb": [
        1,
        1,
        null
      ],
      "/Users/gbennettjones/code/tech_tests/citizens/spec/models/user_spec.rb": [
        1,
        null,
        1,
        1,
        1,
        null,
        2,
        null,
        null,
        null,
        null,
        null,
        1,
        1,
        1,
        1,
        1,
        null,
        1,
        null,
        null,
        null,
        1,
        1,
        1,
        1,
        null,
        null,
        null,
        null
      ],
      "/Users/gbennettjones/code/tech_tests/citizens/app/models/user.rb": [
        1,
        1,
        1,
        null,
        1,
        null,
        1,
        1,
        1,
        null
      ],
      "/Users/gbennettjones/code/tech_tests/citizens/app/models/user_group.rb": [
        1,
        1,
        1,
        null
      ]
    },
    "timestamp": 1555960622
  }
}
